<?xml version="1.0" encoding="UTF-8"?>
<!-- Generated by org.testng.reporters.JUnitReportReporter -->
<testsuite skipped="0" hostname="Nikhil-PC" name="practice.RestAssuredSample" tests="1" failures="0" timestamp="07 Dec 2018 06:08:26 GMT" time="5.870" errors="0">
  <testcase name="testResponse" time="5.870" classname="practice.RestAssuredSample"/>
</testsuite> <!-- practice.RestAssuredSample -->
