<?xml version="1.0" encoding="UTF-8"?>
<!-- Generated by org.testng.reporters.JUnitReportReporter -->
<testsuite skipped="0" hostname="Nikhil-PC" name="practice.RestAssuredWeather01" tests="1" failures="0" timestamp="07 Jan 2019 15:09:30 GMT" time="3.469" errors="0">
  <testcase name="getWeatherData" time="3.469" classname="practice.RestAssuredWeather01"/>
</testsuite> <!-- practice.RestAssuredWeather01 -->
