<?xml version="1.0" encoding="UTF-8"?>
<!-- Generated by org.testng.reporters.JUnitReportReporter -->
<testsuite skipped="0" hostname="Nikhil-PC" name="practice.PutExample" tests="1" failures="0" timestamp="08 Jan 2019 04:10:17 GMT" time="2.366" errors="0">
  <testcase name="test1" time="2.366" classname="practice.PutExample"/>
</testsuite> <!-- practice.PutExample -->
