<?xml version="1.0" encoding="UTF-8"?>
<!-- Generated by org.testng.reporters.JUnitReportReporter -->
<testsuite skipped="0" hostname="Nikhil-PC" name="practice.PostExample" tests="1" failures="0" timestamp="08 Jan 2019 04:04:48 GMT" time="2.334" errors="0">
  <testcase name="test1" time="2.334" classname="practice.PostExample"/>
</testsuite> <!-- practice.PostExample -->
